{"/Users/rachelhawa/Downloads/react-search-challenge/src/components/Header.jsx": {"path":"/Users/rachelhawa/Downloads/react-search-challenge/src/components/Header.jsx","statementMap":{"0":{"start":{"line":5,"column":2},"end":{"line":9,"column":4}}},"fnMap":{"0":{"name":"Header","decl":{"start":{"line":4,"column":24},"end":{"line":4,"column":30}},"loc":{"start":{"line":4,"column":33},"end":{"line":10,"column":1}},"line":4}},"branchMap":{},"s":{"0":1},"f":{"0":1},"b":{},"_coverageSchema":"1a1c01bbd47fc00a2c39e90264f33305004495a9","hash":"e4f77e718361eee323180c80136463a82ec79631"}
,"/Users/rachelhawa/Downloads/react-search-challenge/src/components/MinimalButton.jsx": {"path":"/Users/rachelhawa/Downloads/react-search-challenge/src/components/MinimalButton.jsx","statementMap":{"0":{"start":{"line":5,"column":2},"end":{"line":9,"column":4}}},"fnMap":{"0":{"name":"MinimalButton","decl":{"start":{"line":4,"column":9},"end":{"line":4,"column":22}},"loc":{"start":{"line":4,"column":56},"end":{"line":10,"column":1}},"line":4}},"branchMap":{},"s":{"0":0},"f":{"0":0},"b":{}}
,"/Users/rachelhawa/Downloads/react-search-challenge/src/components/ProfilePage.jsx": {"path":"/Users/rachelhawa/Downloads/react-search-challenge/src/components/ProfilePage.jsx","statementMap":{"0":{"start":{"line":7,"column":23},"end":{"line":7,"column":37}},"1":{"start":{"line":10,"column":15},"end":{"line":10,"column":41}},"2":{"start":{"line":11,"column":20},"end":{"line":11,"column":88}},"3":{"start":{"line":11,"column":60},"end":{"line":11,"column":87}},"4":{"start":{"line":13,"column":4},"end":{"line":19,"column":6}},"5":{"start":{"line":23,"column":52},"end":{"line":23,"column":59}},"6":{"start":{"line":24,"column":28},"end":{"line":24,"column":43}},"7":{"start":{"line":25,"column":22},"end":{"line":25,"column":73}},"8":{"start":{"line":26,"column":4},"end":{"line":35,"column":6}},"9":{"start":{"line":39,"column":47},"end":{"line":39,"column":54}},"10":{"start":{"line":40,"column":28},"end":{"line":40,"column":43}},"11":{"start":{"line":42,"column":4},"end":{"line":54,"column":6}},"12":{"start":{"line":58,"column":18},"end":{"line":58,"column":22}},"13":{"start":{"line":60,"column":4},"end":{"line":73,"column":5}},"14":{"start":{"line":61,"column":6},"end":{"line":72,"column":8}},"15":{"start":{"line":74,"column":4},"end":{"line":74,"column":19}},"16":{"start":{"line":78,"column":23},"end":{"line":78,"column":30}},"17":{"start":{"line":79,"column":18},"end":{"line":79,"column":22}},"18":{"start":{"line":81,"column":4},"end":{"line":93,"column":5}},"19":{"start":{"line":82,"column":6},"end":{"line":82,"column":21}},"20":{"start":{"line":83,"column":6},"end":{"line":92,"column":8}},"21":{"start":{"line":87,"column":12},"end":{"line":89,"column":16}},"22":{"start":{"line":95,"column":4},"end":{"line":95,"column":19}},"23":{"start":{"line":99,"column":29},"end":{"line":99,"column":36}},"24":{"start":{"line":101,"column":4},"end":{"line":106,"column":6}},"25":{"start":{"line":110,"column":4},"end":{"line":116,"column":6}}},"fnMap":{"0":{"name":"(anonymous_0)","decl":{"start":{"line":9,"column":2},"end":{"line":9,"column":3}},"loc":{"start":{"line":9,"column":11},"end":{"line":20,"column":3}},"line":9},"1":{"name":"(anonymous_1)","decl":{"start":{"line":11,"column":47},"end":{"line":11,"column":48}},"loc":{"start":{"line":11,"column":60},"end":{"line":11,"column":87}},"line":11},"2":{"name":"(anonymous_2)","decl":{"start":{"line":22,"column":2},"end":{"line":22,"column":3}},"loc":{"start":{"line":22,"column":28},"end":{"line":36,"column":3}},"line":22},"3":{"name":"(anonymous_3)","decl":{"start":{"line":38,"column":2},"end":{"line":38,"column":3}},"loc":{"start":{"line":38,"column":26},"end":{"line":55,"column":3}},"line":38},"4":{"name":"(anonymous_4)","decl":{"start":{"line":57,"column":2},"end":{"line":57,"column":3}},"loc":{"start":{"line":57,"column":32},"end":{"line":75,"column":3}},"line":57},"5":{"name":"(anonymous_5)","decl":{"start":{"line":77,"column":2},"end":{"line":77,"column":3}},"loc":{"start":{"line":77,"column":34},"end":{"line":96,"column":3}},"line":77},"6":{"name":"(anonymous_6)","decl":{"start":{"line":86,"column":22},"end":{"line":86,"column":23}},"loc":{"start":{"line":87,"column":12},"end":{"line":89,"column":16}},"line":87},"7":{"name":"(anonymous_7)","decl":{"start":{"line":98,"column":2},"end":{"line":98,"column":3}},"loc":{"start":{"line":98,"column":32},"end":{"line":107,"column":3}},"line":98},"8":{"name":"(anonymous_8)","decl":{"start":{"line":109,"column":2},"end":{"line":109,"column":3}},"loc":{"start":{"line":109,"column":30},"end":{"line":117,"column":3}},"line":109}},"branchMap":{"0":{"loc":{"start":{"line":60,"column":4},"end":{"line":73,"column":5}},"type":"if","locations":[{"start":{"line":60,"column":4},"end":{"line":73,"column":5}},{"start":{"line":60,"column":4},"end":{"line":73,"column":5}}],"line":60},"1":{"loc":{"start":{"line":81,"column":4},"end":{"line":93,"column":5}},"type":"if","locations":[{"start":{"line":81,"column":4},"end":{"line":93,"column":5}},{"start":{"line":81,"column":4},"end":{"line":93,"column":5}}],"line":81}},"s":{"0":1,"1":1,"2":1,"3":1,"4":1,"5":1,"6":1,"7":1,"8":1,"9":1,"10":1,"11":1,"12":1,"13":1,"14":1,"15":1,"16":1,"17":1,"18":1,"19":1,"20":1,"21":1,"22":1,"23":1,"24":1,"25":1},"f":{"0":1,"1":1,"2":1,"3":1,"4":1,"5":1,"6":1,"7":1,"8":1},"b":{"0":[1,0],"1":[1,0]},"_coverageSchema":"1a1c01bbd47fc00a2c39e90264f33305004495a9","hash":"857dfc0e82d19f63703d35101a1adcb246c4424b"}
,"/Users/rachelhawa/Downloads/react-search-challenge/src/components/ProfilesContextProvider.jsx": {"path":"/Users/rachelhawa/Downloads/react-search-challenge/src/components/ProfilesContextProvider.jsx","statementMap":{"0":{"start":{"line":4,"column":30},"end":{"line":6,"column":2}},"1":{"start":{"line":11,"column":2},"end":{"line":27,"column":3}},"2":{"start":{"line":13,"column":6},"end":{"line":13,"column":32}},"3":{"start":{"line":14,"column":6},"end":{"line":14,"column":26}},"4":{"start":{"line":16,"column":6},"end":{"line":16,"column":37}},"5":{"start":{"line":17,"column":6},"end":{"line":17,"column":86}},"6":{"start":{"line":17,"column":45},"end":{"line":17,"column":83}},"7":{"start":{"line":18,"column":6},"end":{"line":18,"column":26}},"8":{"start":{"line":21,"column":6},"end":{"line":21,"column":37}},"9":{"start":{"line":22,"column":6},"end":{"line":22,"column":86}},"10":{"start":{"line":22,"column":45},"end":{"line":22,"column":83}},"11":{"start":{"line":23,"column":6},"end":{"line":23,"column":26}},"12":{"start":{"line":26,"column":6},"end":{"line":26,"column":24}},"13":{"start":{"line":31,"column":28},"end":{"line":33,"column":4}},"14":{"start":{"line":35,"column":2},"end":{"line":37,"column":9}},"15":{"start":{"line":36,"column":4},"end":{"line":36,"column":18}},"16":{"start":{"line":40,"column":20},"end":{"line":40,"column":33}},"17":{"start":{"line":41,"column":21},"end":{"line":41,"column":56}},"18":{"start":{"line":42,"column":21},"end":{"line":42,"column":42}},"19":{"start":{"line":43,"column":29},"end":{"line":43,"column":76}},"20":{"start":{"line":43,"column":54},"end":{"line":43,"column":75}},"21":{"start":{"line":45,"column":4},"end":{"line":45,"column":65}},"22":{"start":{"line":48,"column":2},"end":{"line":50,"column":4}}},"fnMap":{"0":{"name":"ProfilesReducer","decl":{"start":{"line":8,"column":9},"end":{"line":8,"column":24}},"loc":{"start":{"line":8,"column":40},"end":{"line":28,"column":1}},"line":8},"1":{"name":"(anonymous_1)","decl":{"start":{"line":17,"column":20},"end":{"line":17,"column":21}},"loc":{"start":{"line":17,"column":45},"end":{"line":17,"column":83}},"line":17},"2":{"name":"(anonymous_2)","decl":{"start":{"line":22,"column":20},"end":{"line":22,"column":21}},"loc":{"start":{"line":22,"column":45},"end":{"line":22,"column":83}},"line":22},"3":{"name":"ProfilesContextProvider","decl":{"start":{"line":30,"column":9},"end":{"line":30,"column":32}},"loc":{"start":{"line":30,"column":47},"end":{"line":51,"column":1}},"line":30},"4":{"name":"(anonymous_4)","decl":{"start":{"line":35,"column":18},"end":{"line":35,"column":19}},"loc":{"start":{"line":35,"column":24},"end":{"line":37,"column":3}},"line":35},"5":{"name":"getProfiles","decl":{"start":{"line":39,"column":17},"end":{"line":39,"column":28}},"loc":{"start":{"line":39,"column":31},"end":{"line":46,"column":3}},"line":39},"6":{"name":"(anonymous_6)","decl":{"start":{"line":43,"column":45},"end":{"line":43,"column":46}},"loc":{"start":{"line":43,"column":54},"end":{"line":43,"column":75}},"line":43}},"branchMap":{"0":{"loc":{"start":{"line":11,"column":2},"end":{"line":27,"column":3}},"type":"switch","locations":[{"start":{"line":12,"column":4},"end":{"line":14,"column":26}},{"start":{"line":15,"column":4},"end":{"line":18,"column":26}},{"start":{"line":20,"column":4},"end":{"line":23,"column":26}},{"start":{"line":25,"column":4},"end":{"line":26,"column":24}}],"line":11},"1":{"loc":{"start":{"line":17,"column":45},"end":{"line":17,"column":83}},"type":"cond-expr","locations":[{"start":{"line":17,"column":77},"end":{"line":17,"column":78}},{"start":{"line":17,"column":81},"end":{"line":17,"column":83}}],"line":17},"2":{"loc":{"start":{"line":22,"column":45},"end":{"line":22,"column":83}},"type":"cond-expr","locations":[{"start":{"line":22,"column":77},"end":{"line":22,"column":78}},{"start":{"line":22,"column":81},"end":{"line":22,"column":83}}],"line":22}},"s":{"0":1,"1":0,"2":0,"3":0,"4":0,"5":0,"6":0,"7":0,"8":0,"9":0,"10":0,"11":0,"12":0,"13":0,"14":0,"15":0,"16":0,"17":0,"18":0,"19":0,"20":0,"21":0,"22":0},"f":{"0":0,"1":0,"2":0,"3":0,"4":0,"5":0,"6":0},"b":{"0":[0,0,0,0],"1":[0,0],"2":[0,0]},"_coverageSchema":"1a1c01bbd47fc00a2c39e90264f33305004495a9","hash":"837dfb047b43c4f8a9a1d2a405b2a447177e7ea0"}
,"/Users/rachelhawa/Downloads/react-search-challenge/src/components/SearchCard.jsx": {"path":"/Users/rachelhawa/Downloads/react-search-challenge/src/components/SearchCard.jsx","statementMap":{"0":{"start":{"line":7,"column":69},"end":{"line":7,"column":79}},"1":{"start":{"line":9,"column":4},"end":{"line":33,"column":6}}},"fnMap":{"0":{"name":"(anonymous_0)","decl":{"start":{"line":6,"column":2},"end":{"line":6,"column":3}},"loc":{"start":{"line":6,"column":11},"end":{"line":34,"column":3}},"line":6}},"branchMap":{"0":{"loc":{"start":{"line":7,"column":12},"end":{"line":7,"column":25}},"type":"default-arg","locations":[{"start":{"line":7,"column":23},"end":{"line":7,"column":25}}],"line":7},"1":{"loc":{"start":{"line":7,"column":27},"end":{"line":7,"column":38}},"type":"default-arg","locations":[{"start":{"line":7,"column":36},"end":{"line":7,"column":38}}],"line":7},"2":{"loc":{"start":{"line":7,"column":40},"end":{"line":7,"column":48}},"type":"default-arg","locations":[{"start":{"line":7,"column":46},"end":{"line":7,"column":48}}],"line":7},"3":{"loc":{"start":{"line":7,"column":50},"end":{"line":7,"column":64}},"type":"default-arg","locations":[{"start":{"line":7,"column":63},"end":{"line":7,"column":64}}],"line":7},"4":{"loc":{"start":{"line":24,"column":23},"end":{"line":24,"column":51}},"type":"binary-expr","locations":[{"start":{"line":24,"column":23},"end":{"line":24,"column":37}},{"start":{"line":24,"column":41},"end":{"line":24,"column":51}}],"line":24}},"s":{"0":0,"1":0},"f":{"0":0},"b":{"0":[0],"1":[0],"2":[0],"3":[0],"4":[0,0]}}
,"/Users/rachelhawa/Downloads/react-search-challenge/src/components/SearchPage.jsx": {"path":"/Users/rachelhawa/Downloads/react-search-challenge/src/components/SearchPage.jsx","statementMap":{"0":{"start":{"line":9,"column":23},"end":{"line":9,"column":37}},"1":{"start":{"line":12,"column":4},"end":{"line":17,"column":6}},"2":{"start":{"line":21,"column":4},"end":{"line":35,"column":6}},"3":{"start":{"line":39,"column":30},"end":{"line":39,"column":42}},"4":{"start":{"line":40,"column":4},"end":{"line":40,"column":26}},"5":{"start":{"line":41,"column":4},"end":{"line":49,"column":6}},"6":{"start":{"line":44,"column":10},"end":{"line":46,"column":17}},"7":{"start":{"line":53,"column":48},"end":{"line":53,"column":55}},"8":{"start":{"line":55,"column":4},"end":{"line":62,"column":6}},"9":{"start":{"line":65,"column":24},"end":{"line":67,"column":3}},"10":{"start":{"line":66,"column":4},"end":{"line":66,"column":49}},"11":{"start":{"line":69,"column":25},"end":{"line":71,"column":3}},"12":{"start":{"line":70,"column":4},"end":{"line":70,"column":50}}},"fnMap":{"0":{"name":"(anonymous_0)","decl":{"start":{"line":11,"column":2},"end":{"line":11,"column":3}},"loc":{"start":{"line":11,"column":11},"end":{"line":18,"column":3}},"line":11},"1":{"name":"(anonymous_1)","decl":{"start":{"line":20,"column":2},"end":{"line":20,"column":3}},"loc":{"start":{"line":20,"column":18},"end":{"line":36,"column":3}},"line":20},"2":{"name":"(anonymous_2)","decl":{"start":{"line":38,"column":2},"end":{"line":38,"column":3}},"loc":{"start":{"line":38,"column":19},"end":{"line":50,"column":3}},"line":38},"3":{"name":"(anonymous_3)","decl":{"start":{"line":43,"column":22},"end":{"line":43,"column":23}},"loc":{"start":{"line":44,"column":10},"end":{"line":46,"column":17}},"line":44},"4":{"name":"(anonymous_4)","decl":{"start":{"line":52,"column":2},"end":{"line":52,"column":3}},"loc":{"start":{"line":52,"column":30},"end":{"line":63,"column":3}},"line":52},"5":{"name":"(anonymous_5)","decl":{"start":{"line":65,"column":24},"end":{"line":65,"column":25}},"loc":{"start":{"line":65,"column":30},"end":{"line":67,"column":3}},"line":65},"6":{"name":"(anonymous_6)","decl":{"start":{"line":69,"column":25},"end":{"line":69,"column":26}},"loc":{"start":{"line":69,"column":31},"end":{"line":71,"column":3}},"line":69}},"branchMap":{"0":{"loc":{"start":{"line":39,"column":12},"end":{"line":39,"column":25}},"type":"default-arg","locations":[{"start":{"line":39,"column":23},"end":{"line":39,"column":25}}],"line":39}},"s":{"0":0,"1":0,"2":0,"3":0,"4":0,"5":0,"6":0,"7":0,"8":0,"9":0,"10":0,"11":0,"12":0},"f":{"0":0,"1":0,"2":0,"3":0,"4":0,"5":0,"6":0},"b":{"0":[0]}}
}
