TN:
SF:src/components/Header.jsx
FN:4,Header
FNF:1
FNH:1
FNDA:1,Header
DA:5,1
LF:1
LH:1
BRF:0
BRH:0
end_of_record
TN:
SF:src/components/MinimalButton.jsx
FN:4,MinimalButton
FNF:1
FNH:0
FNDA:0,MinimalButton
DA:5,0
LF:1
LH:0
BRF:0
BRH:0
end_of_record
TN:
SF:src/components/ProfilePage.jsx
FN:9,(anonymous_0)
FN:11,(anonymous_1)
FN:22,(anonymous_2)
FN:38,(anonymous_3)
FN:57,(anonymous_4)
FN:77,(anonymous_5)
FN:86,(anonymous_6)
FN:98,(anonymous_7)
FN:109,(anonymous_8)
FNF:9
FNH:9
FNDA:1,(anonymous_0)
FNDA:1,(anonymous_1)
FNDA:1,(anonymous_2)
FNDA:1,(anonymous_3)
FNDA:1,(anonymous_4)
FNDA:1,(anonymous_5)
FNDA:1,(anonymous_6)
FNDA:1,(anonymous_7)
FNDA:1,(anonymous_8)
DA:7,1
DA:10,1
DA:11,1
DA:13,1
DA:23,1
DA:24,1
DA:25,1
DA:26,1
DA:39,1
DA:40,1
DA:42,1
DA:58,1
DA:60,1
DA:61,1
DA:74,1
DA:78,1
DA:79,1
DA:81,1
DA:82,1
DA:83,1
DA:87,1
DA:95,1
DA:99,1
DA:101,1
DA:110,1
LF:25
LH:25
BRDA:60,0,0,1
BRDA:60,0,1,0
BRDA:81,1,0,1
BRDA:81,1,1,0
BRF:4
BRH:2
end_of_record
TN:
SF:src/components/ProfilesContextProvider.jsx
FN:8,ProfilesReducer
FN:17,(anonymous_1)
FN:22,(anonymous_2)
FN:30,ProfilesContextProvider
FN:35,(anonymous_4)
FN:39,getProfiles
FN:43,(anonymous_6)
FNF:7
FNH:0
FNDA:0,ProfilesReducer
FNDA:0,(anonymous_1)
FNDA:0,(anonymous_2)
FNDA:0,ProfilesContextProvider
FNDA:0,(anonymous_4)
FNDA:0,getProfiles
FNDA:0,(anonymous_6)
DA:4,1
DA:11,0
DA:13,0
DA:14,0
DA:16,0
DA:17,0
DA:18,0
DA:21,0
DA:22,0
DA:23,0
DA:26,0
DA:31,0
DA:35,0
DA:36,0
DA:40,0
DA:41,0
DA:42,0
DA:43,0
DA:45,0
DA:48,0
LF:20
LH:1
BRDA:11,0,0,0
BRDA:11,0,1,0
BRDA:11,0,2,0
BRDA:11,0,3,0
BRDA:17,1,0,0
BRDA:17,1,1,0
BRDA:22,2,0,0
BRDA:22,2,1,0
BRF:8
BRH:0
end_of_record
TN:
SF:src/components/SearchCard.jsx
FN:6,(anonymous_0)
FNF:1
FNH:0
FNDA:0,(anonymous_0)
DA:7,0
DA:9,0
LF:2
LH:0
BRDA:7,0,0,0
BRDA:7,1,0,0
BRDA:7,2,0,0
BRDA:7,3,0,0
BRDA:24,4,0,0
BRDA:24,4,1,0
BRF:6
BRH:0
end_of_record
TN:
SF:src/components/SearchPage.jsx
FN:11,(anonymous_0)
FN:20,(anonymous_1)
FN:38,(anonymous_2)
FN:43,(anonymous_3)
FN:52,(anonymous_4)
FN:65,(anonymous_5)
FN:69,(anonymous_6)
FNF:7
FNH:0
FNDA:0,(anonymous_0)
FNDA:0,(anonymous_1)
FNDA:0,(anonymous_2)
FNDA:0,(anonymous_3)
FNDA:0,(anonymous_4)
FNDA:0,(anonymous_5)
FNDA:0,(anonymous_6)
DA:9,0
DA:12,0
DA:21,0
DA:39,0
DA:40,0
DA:41,0
DA:44,0
DA:53,0
DA:55,0
DA:65,0
DA:66,0
DA:69,0
DA:70,0
LF:13
LH:0
BRDA:39,0,0,0
BRF:1
BRH:0
end_of_record
